<?xml version="1.0" encoding="utf-8"?><testsuites name="pytest tests"><testsuite name="pytest" errors="0" failures="2" skipped="0" tests="32" time="4.360" timestamp="2026-04-25T15:00:45.920764+00:00" hostname="agent-env-629b2166-dfa8-4967-b3b1-4d9662b0b25a"><testcase classname="backend.tests.backend_test.TestHealth" name="test_root" time="0.314" /><testcase classname="backend.tests.backend_test.TestStars" name="test_list_all_stars_seeded" time="0.054" /><testcase classname="backend.tests.backend_test.TestStars" name="test_filter_by_tier" time="0.050" /><testcase classname="backend.tests.backend_test.TestStars" name="test_filter_by_constellation" time="0.097" /><testcase classname="backend.tests.backend_test.TestStars" name="test_filter_available" time="0.061" /><testcase classname="backend.tests.backend_test.TestStars" name="test_filter_price_range" time="0.046" /><testcase classname="backend.tests.backend_test.TestStars" name="test_sort_price_desc" time="0.046" /><testcase classname="backend.tests.backend_test.TestStars" name="test_constellations_endpoint" time="0.051" /><testcase classname="backend.tests.backend_test.TestStars" name="test_get_single_star" time="0.099" /><testcase classname="backend.tests.backend_test.TestStars" name="test_get_star_not_found" time="0.049" /><testcase classname="backend.tests.backend_test.TestMarketplace" name="test_listings_seeded" time="0.052" /><testcase classname="backend.tests.backend_test.TestStatsAndActivities" name="test_stats_overview" time="0.048" /><testcase classname="backend.tests.backend_test.TestStatsAndActivities" name="test_live_activities" time="0.050" /><testcase classname="backend.tests.backend_test.TestNewsletter" name="test_subscribe" time="0.058" /><testcase classname="backend.tests.backend_test.TestNewsletter" name="test_subscribe_invalid_email" time="0.053" /><testcase classname="backend.tests.backend_test.TestAuthProtection" name="test_me_without_session" time="0.212" /><testcase classname="backend.tests.backend_test.TestAuthProtection" name="test_claim_without_auth" time="0.118" /><testcase classname="backend.tests.backend_test.TestAuthProtection" name="test_my_stars_without_auth" time="0.139" /><testcase classname="backend.tests.backend_test.TestAuthProtection" name="test_me_with_valid_session" time="0.110" /><testcase classname="backend.tests.backend_test.TestClaimFlow" name="test_claim_and_mine_list" time="0.420" /><testcase classname="backend.tests.backend_test.TestAIStory" name="test_story_tr" time="0.260"><failure message="AssertionError: {&quot;detail&quot;:&quot;AI story generation failed: Error code: 401 - {'type': 'error', 'error': {'type': 'authentication_error', 'message': 'invalid x-api-key'}, 'request_id': 'req_011CaQgxg1he36JfzVjtGscS'}&quot;}&#10;assert 500 == 200&#10; +  where 500 = &lt;Response [500]&gt;.status_code">backend/tests/backend_test.py:265: in test_story_tr
    assert r.status_code == 200, r.text
E   AssertionError: {"detail":"AI story generation failed: Error code: 401 - {'type': 'error', 'error': {'type': 'authentication_error', 'message': 'invalid x-api-key'}, 'request_id': 'req_011CaQgxg1he36JfzVjtGscS'}"}
E   assert 500 == 200
E    +  where 500 = &lt;Response [500]&gt;.status_code</failure></testcase><testcase classname="backend.tests.backend_test.TestAIStory" name="test_story_en" time="0.171"><failure message="AssertionError: {&quot;detail&quot;:&quot;AI story generation failed: Error code: 401 - {'type': 'error', 'error': {'type': 'authentication_error', 'message': 'invalid x-api-key'}, 'request_id': 'req_011CaQgxh2UNdsJCJgsRgq8t'}&quot;}&#10;assert 500 == 200&#10; +  where 500 = &lt;Response [500]&gt;.status_code">backend/tests/backend_test.py:280: in test_story_en
    assert r.status_code == 200, r.text
E   AssertionError: {"detail":"AI story generation failed: Error code: 401 - {'type': 'error', 'error': {'type': 'authentication_error', 'message': 'invalid x-api-key'}, 'request_id': 'req_011CaQgxh2UNdsJCJgsRgq8t'}"}
E   assert 500 == 200
E    +  where 500 = &lt;Response [500]&gt;.status_code</failure></testcase><testcase classname="backend.tests.backend_test.TestCertificateModule" name="test_generate_certificate_returns_pdf_bytes" time="0.039" /><testcase classname="backend.tests.backend_test.TestEmailsModule" name="test_send_certificate_email_noop_without_key" time="0.067" /><testcase classname="backend.tests.backend_test.TestCheckout" name="test_create_session_validation_required_fields" time="0.045" /><testcase classname="backend.tests.backend_test.TestCheckout" name="test_create_session_with_placeholder_key_returns_stripe_error" time="0.268" /><testcase classname="backend.tests.backend_test.TestCheckout" name="test_create_session_no_payment_transaction_on_stripe_failure" time="0.129" /><testcase classname="backend.tests.backend_test.TestCheckout" name="test_create_session_already_claimed_returns_400" time="0.252" /><testcase classname="backend.tests.backend_test.TestCheckout" name="test_checkout_status_unknown_session_returns_404" time="0.048" /><testcase classname="backend.tests.backend_test.TestCheckout" name="test_certificate_endpoint_requires_auth" time="0.127" /><testcase classname="backend.tests.backend_test.TestStripeWebhook" name="test_webhook_accepts_json_dev_mode" time="0.049" /><testcase classname="backend.tests.backend_test.TestFulfillmentIdempotency" name="test_process_paid_claim_idempotent" time="0.539" /></testsuite></testsuites>